make.exe all -f d:\Bon Bon\project 1\git\Developing-List-Data-Structures-and-Artificial-Neural-Networks\make --print-data-base --no-builtin-variables --no-builtin-rules --question
make: d:\Bon Bon\project 1\git\Developing-List-Data-Structures-and-Artificial-Neural-Networks\make: No such file or directory
make: *** No rule to make target 'd:\Bon Bon\project 1\git\Developing-List-Data-Structures-and-Artificial-Neural-Networks\make'.  Stop.

# GNU Make 4.4.1
# Built for x86_64-pc-cygwin
# Copyright (C) 1988-2023 Free Software Foundation, Inc.
# License GPLv3+: GNU GPL version 3 or later <https://gnu.org/licenses/gpl.html>
# This is free software: you are free to change and redistribute it.
# There is NO WARRANTY, to the extent permitted by law.

# Make data base, printed on Wed Sep 25 11:38:59 2024

# Variables

# environment
SYSTEMDRIVE = C:
# environment
LC_ALL = C
# environment
USERPROFILE = C:\Users\BonBon
# environment
LOCALAPPDATA = C:\Users\BonBon\AppData\Local
# environment
VSCODE_CRASH_REPORTER_PROCESS_TYPE = extensionHost
# environment
VSCODE_CWD = C:\Users\BonBon\AppData\Local\Programs\Microsoft VS Code
# environment
CHOCOLATEYINSTALL = C:\ProgramData\chocolatey
# environment
SYSTEMROOT = C:\WINDOWS
# environment
PROCESSOR_LEVEL = 6
# environment
PSMODULEPATH = C:\Program Files\WindowsPowerShell\Modules;C:\WINDOWS\system32\WindowsPowerShell\v1.0\Modules;C:\Program Files (x86)\Microsoft SQL Server\150\Tools\PowerShell\Modules\;C:\Program Files (x86)\Microsoft SQL Server\140\Tools\PowerShell\Modules\
# default
MAKE_COMMAND := make
# environment
GOPATH = C:\Users\BonBon\go
# automatic
@D = $(patsubst %/,%,$(dir $@))
# environment
CHROME_CRASHPAD_PIPE_NAME = \\.\pipe\crashpad_25324_IKZXRBJRDNUGRDUY
# environment
VSCODE_HANDLES_UNCAUGHT_ERRORS = true
# default
.VARIABLES := 
# automatic
%D = $(patsubst %/,%,$(dir $%))
# automatic
^D = $(patsubst %/,%,$(dir $^))
# automatic
%F = $(notdir $%)
# environment
VSCODE_CODE_CACHE_PATH = C:\Users\BonBon\AppData\Roaming\Code\CachedData\38c31bc77e0dd6ae88a4e9cc93428cc27a56ba40
# environment
LANG = C
# default
.LOADED := 
# environment
TMP = /cygdrive/c/Users/BonBon/AppData/Local/Temp
# default
.INCLUDE_DIRS := /usr/include
# makefile
MAKEFLAGS = prR
# environment
ONEDRIVE = C:\Users\BonBon\OneDrive
# makefile
CURDIR := /cygdrive/d/Bon Bon/project 1/git/Developing-List-Data-Structures-and-Artificial-Neural-Networks
# environment
APPLICATION_INSIGHTS_NO_DIAGNOSTIC_CHANNEL = true
# environment
VSCODE_L10N_BUNDLE_LOCATION = 
# automatic
*D = $(patsubst %/,%,$(dir $*))
# environment
PROGRAMFILES = C:\Program Files
# environment
MFLAGS = -prR
# default
.SHELLFLAGS := -c
# environment
COMMONPROGRAMW6432 = C:\Program Files\Common Files
# automatic
+D = $(patsubst %/,%,$(dir $+))
# makefile
MAKEFILE_LIST := 
# automatic
@F = $(notdir $@)
# environment
VSCODE_PID = 25324
# automatic
?D = $(patsubst %/,%,$(dir $?))
# automatic
*F = $(notdir $*)
# automatic
<D = $(patsubst %/,%,$(dir $<))
# environment
VSCODE_NLS_CONFIG = {"userLocale":"en-us","osLocale":"en-us","resolvedLanguage":"en","defaultMessagesFile":"C:\\Users\\BonBon\\AppData\\Local\\Programs\\Microsoft VS Code\\resources\\app\\out\\nls.messages.json","locale":"en-us","availableLanguages":{}}
# environment
ONEDRIVECONSUMER = C:\Users\BonBon\OneDrive
# default
MAKE_HOST := x86_64-pc-cygwin
# environment
PROGRAMDATA = C:\ProgramData
# default
SHELL := /bin/sh
# environment
HOMEPATH = \Users\BonBon
# default
MAKECMDGOALS := all
# environment
DRIVERDATA = C:\Windows\System32\Drivers\DriverData
# environment
COMSPEC = C:\WINDOWS\system32\cmd.exe
# environment
WINDIR = C:\WINDOWS
# environment
MAKELEVEL := 0
# default
MAKE = $(MAKE_COMMAND)
# environment
PATH = /usr/bin:/cygdrive/c/Program Files (x86)/Common Files/Oracle/Java/javapath:/cygdrive/c/Program Files (x86)/Intel/Intel(R) Management Engine Components/iCLS:/cygdrive/c/Program Files/Intel/Intel(R) Management Engine Components/iCLS:/cygdrive/c/Windows/system32:/cygdrive/c/Windows:/cygdrive/c/Windows/System32/Wbem:/cygdrive/c/Windows/System32/WindowsPowerShell/v1.0:/cygdrive/c/Windows/System32/OpenSSH:/cygdrive/c/Program Files (x86)/NVIDIA Corporation/PhysX/Common:/cygdrive/c/Program Files (x86)/Intel/Intel(R) Management Engine Components/DAL:/cygdrive/c/Program Files/Intel/Intel(R) Management Engine Components/DAL:/cygdrive/c/Program Files (x86)/Intel/Intel(R) Management Engine Components/IPT:/cygdrive/c/Program Files/Intel/Intel(R) Management Engine Components/IPT:/cygdrive/c/Program Files/Intel/WiFi/bin:/cygdrive/c/Program Files/Common Files/Intel/WirelessCommon:/cygdrive/c/ProgramData/chocolatey/bin:/cygdrive/c/Program Files/Microsoft SQL Server/Client SDK/ODBC/130/Tools/Binn:/cygdrive/c/Program Files/Microsoft SQL Server/Client SDK/ODBC/170/Tools/Binn:/cygdrive/c/Program Files/NVIDIA Corporation/NVIDIA NvDLISR:/cygdrive/c/WINDOWS/system32:/cygdrive/c/WINDOWS:/cygdrive/c/WINDOWS/System32/Wbem:/cygdrive/c/WINDOWS/System32/WindowsPowerShell/v1.0:/cygdrive/c/WINDOWS/System32/OpenSSH:/cygdrive/c/Program Files (x86)/Microsoft ASP.NET/ASP.NET Web Pages/v1.0:/cygdrive/c/Users/FX505/AppData/Roaming/nvm:/cygdrive/c/Program Files/nodejs:%JAVA_HOME%/bin:/cygdrive/c/Users/FX505/New folder/apache-maven-3.6.2/bin:/cygdrive/c/Program Files (x86)/Microsoft SQL Server/150/Tools/Binn:/cygdrive/c/Program Files/Microsoft SQL Server/150/Tools/Binn:/cygdrive/c/Program Files/Microsoft SQL Server/150/DTS/Binn:/cygdrive/c/Program Files (x86)/Microsoft SQL Server/140/Tools/Binn:/cygdrive/c/Program Files/Microsoft SQL Server/140/Tools/Binn:/cygdrive/c/Program Files/Microsoft SQL Server/140/DTS/Binn:/cygdrive/c/Program Files (x86)/Microsoft SQL Server/160/DTS/Binn:/cygdrive/c/Users/BonBon/AppData/Local/Programs/R/R-4.3.3/Rscript:/cygdrive/c/Program Files/nodejs:/cygdrive/c/msys64/mingw32/bin:/cygdrive/c/msys64/mingw64/bin:/cygdrive/c/Users/BonBon/.console-ninja/.bin:/cygdrive/c/Users/BonBon/AppData/Local/Microsoft/WindowsApps:/cygdrive/c/Users/BonBon/go/bin:/cygdrive/c/msys64/mingw64/bin:/cygdrive/c/Users/BonBon/AppData/Local/Programs/Microsoft VS Code/bin:/cygdrive/c/glpk-4.65/w64:/cygdrive/c/Users/BonBon/AppData/Local/Programs/Git/cmd:/cygdrive/c/Users/BonBon/AppData/Roaming/npm
# environment
COMPUTERNAME = LAPTOP-KD5384I4
# default
MAKEFILES := 
# automatic
^F = $(notdir $^)
# environment
PROMPT = $P$G
# environment
LOGONSERVER = \\LAPTOP-KD5384I4
# environment
USERNAME = BonBon
# environment
COMMONPROGRAMFILES = C:\Program Files\Common Files
# automatic
?F = $(notdir $?)
# environment
PROGRAMW6432 = C:\Program Files
# environment
PATHEXT = .COM;.EXE;.BAT;.CMD;.VBS;.VBE;.JS;.JSE;.WSF;.WSH;.MSC
# automatic
+F = $(notdir $+)
# environment
ORIGINAL_XDG_CURRENT_DESKTOP = undefined
# environment
MAVEN_HOME = C:\Users\FX505\New folder\apache-maven-3.6.2
# environment
USERDOMAIN = LAPTOP-KD5384I4
# 'override' directive
GNUMAKEFLAGS := 
# environment
OS = Windows_NT
# makefile
.DEFAULT_GOAL := 
# environment
NVM_HOME = C:\Users\FX505\AppData\Roaming\nvm
# default
MAKE_VERSION := 4.4.1
# environment
PROGRAMFILES(X86) = C:\Program Files (x86)
# environment
!D: = d:\Bon Bon\project 1\git\Developing-List-Data-Structures-and-Artificial-Neural-Networks
# environment
USERDOMAIN_ROAMINGPROFILE = LAPTOP-KD5384I4
# environment
NUMBER_OF_PROCESSORS = 8
# environment
PUBLIC = C:\Users\Public
# environment
APPDATA = C:\Users\BonBon\AppData\Roaming
# environment
HOMEDRIVE = C:
# environment
NVM_SYMLINK = C:\Program Files\nodejs
# environment
PROCESSOR_ARCHITECTURE = AMD64
# environment
VSCODE_AMD_ENTRYPOINT = vs/workbench/api/node/extensionHostProcess
# environment
HOME = /home/BonBon
# environment
COMMONPROGRAMFILES(X86) = C:\Program Files (x86)\Common Files
# environment
ELECTRON_RUN_AS_NODE = 1
# environment
TEMP = /cygdrive/c/Users/BonBon/AppData/Local/Temp
# environment
VSCODE_IPC_HOOK = \\.\pipe\f86265b4-1.93.1-main-sock
# environment
TERM = xterm-256color
# default
.RECIPEPREFIX := 
# automatic
<F = $(notdir $<)
# default
SUFFIXES := 
# environment
ALLUSERSPROFILE = C:\ProgramData
# environment
SESSIONNAME = Console
# default
.FEATURES := target-specific order-only second-expansion else-if shortest-stem undefine oneshell nocomment grouped-target extra-prereqs notintermediate shell-export archives jobserver output-sync check-symlink guile load dospaths
# environment
PROCESSOR_REVISION = 9e0a
# environment
PROCESSOR_IDENTIFIER = Intel64 Family 6 Model 158 Stepping 10, GenuineIntel
# variable set hash-table stats:
# Load=97/1024=9%, Rehash=0, Collisions=11/117=9%

# Pattern-specific Variable Values

# No pattern-specific variable values.

# Directories


# No files, no impossibilities in 0 directories.

# Implicit Rules

# No implicit rules.

# Files

# Not a target:
.DEFAULT:
#  Implicit rule search has not been done.
#  Modification time never checked.
#  File has not been updated.

# Not a target:
all:
#  Command line target.
#  Implicit rule search has not been done.
#  Modification time never checked.
#  File has not been updated.

# Not a target:
d:\Bon Bon\project 1\git\Developing-List-Data-Structures-and-Artificial-Neural-Networks\make:
#  Implicit rule search has been done.
#  File does not exist.
#  File has not been updated.

# files hash-table stats:
# Load=4/1024=0%, Rehash=0, Collisions=0/15=0%
# VPATH Search Paths

# No 'vpath' search paths.

# No general ('VPATH' variable) search path.

# strcache buffers: 1 (0) / strings = 6 / storage = 135 B / avg = 22 B
# current buf: size = 8162 B / used = 135 B / count = 6 / avg = 22 B

# strcache performance: lookups = 8 / hit rate = 25%
# hash-table stats:
# Load=6/8192=0%, Rehash=0, Collisions=0/8=0%
# Finished Make data base on Wed Sep 25 11:38:59 2024

 
